Method 'SystemVoidCosmosSystemKernelStart', ID = '0'
Method 'SystemVoidSystemNotSupportedExceptionctorSystemString', ID = '2'
Method 'SystemBytearraySystemBitConverterGetBytesSystemDouble', ID = '8'
Method 'SystemInt64SystemBitConverterToInt64SystemBytearraySystemInt32', ID = '9'
Method 'SystemInt32CosmosIL2CPUX86PlugsCustomImplementationsSystemArrayImplGetLengthSystemInt32', ID = '27'
Method 'SystemBooleanCosmosIL2CPUX86PlugsCustomImplementationsSystemArrayImplTrySZIndexOfSystemUInt32SystemUInt32SystemUInt32SystemUInt32SystemUInt32', ID = '30'
Method 'SystemVoidSystemNotImplementedExceptionctorSystemString', ID = '33'
Method 'SystemVoidSystemArgumentOutOfRangeExceptionctorSystemString', ID = '44'
Method 'SystemDoubleCosmosSystemPlugsSystemMathImplAsinSystemDouble', ID = '45'
Method 'SystemDoubleCosmosSystemPlugsSystemMathImplSqrtSystemDouble', ID = '46'
Method 'SystemDoubleCosmosSystemPlugsSystemMathImplAtanSystemDouble', ID = '47'
Method 'SystemDoubleCosmosSystemPlugsSystemMathImplatansSystemDouble', ID = '48'
Method 'SystemDoubleCosmosSystemPlugsSystemMathImplExpSystemDouble', ID = '49'
Method 'SystemDoubleCosmosSystemPlugsSystemMathImpl_powerSystemDoubleSystemInt32', ID = '50'
Method 'SystemDoubleCosmosSystemPlugsSystemMathImplLogSystemDoubleSystemDouble', ID = '51'
Method 'SystemVoidSystemArgumentExceptionctor', ID = '52'
Method 'SystemDoubleCosmosSystemPlugsSystemMathImplFloorSystemDouble', ID = '53'
Method 'SystemDoubleCosmosSystemPlugsSystemMathImplLogSystemDouble', ID = '54'
Method 'SystemDoubleCosmosSystemPlugsSystemMathImplCosSystemDouble', ID = '57'
Method 'SystemDoubleCosmosSystemPlugsSystemMathImplTanhSystemDouble', ID = '58'
Method 'SystemDoubleCosmosSystemPlugsSystemMathImplexpm1SystemDouble', ID = '59'
Method 'SystemDoubleCosmosSystemPlugsSystemMathImplCeilingSystemDouble', ID = '60'
Method 'SystemVoidSystemNotImplementedExceptionctor', ID = '71'
Method 'SystemStringCosmosIL2CPUCustomImplementationSystemStringImplConcatArraySystemStringarraySystemInt32', ID = '72'
Method 'SystemStringCosmosIL2CPUCustomImplementationSystemStringImplConcatSystemStringSystemString', ID = '73'
Method 'SystemStringCosmosIL2CPUCustomImplementationSystemStringImplConcatSystemStringSystemStringSystemString', ID = '74'
Method 'SystemStringCosmosIL2CPUCustomImplementationSystemStringImplConcatSystemStringSystemStringSystemStringSystemString', ID = '75'
Method 'SystemStringCosmosIL2CPUCustomImplementationSystemStringImplConcatSystemStringarray', ID = '77'
Method 'SystemInt32CosmosIL2CPUCustomImplementationSystemStringImplboyerMooreHorsepoolSystemStringSystemString', ID = '78'
Method 'SystemBooleanCosmosCorePlugsStringImplEndsWithSystemStringSystemStringComparison', ID = '82'
Method 'SystemVoidSystemArgumentNullExceptionctorSystemString', ID = '83'
Method 'SystemBooleanSystemStringop_EqualitySystemStringSystemString', ID = '84'
Method 'SystemStringSystemStringToLower', ID = '85'
Method 'SystemBooleanCosmosCorePlugsStringImplEqualsHelperSystemStringSystemString', ID = '86'
Method 'SystemInt32CosmosCorePlugsStringImplIndexOfSystemCharSystemInt32SystemInt32', ID = '89'
Method 'SystemInt32CosmosCorePlugsStringImplLastIndexOfAnySystemChararraySystemInt32SystemInt32', ID = '92'
Method 'SystemBooleanCosmosCorePlugsStringImplCharArrayContainsCharSystemChararraySystemChar', ID = '93'
Method 'SystemBooleanCosmosCorePlugsStringImplStartsWithSystemStringSystemBooleanSystemGlobalizationCultureInfo', ID = '95'
Method 'SystemStringCosmosCorePlugsStringImplChangeCasingSystemStringSystemInt32SystemInt32SystemInt32', ID = '98'
Method 'SystemStringCosmosIL2CPUILCustomImplementationsSystemUInt32Impl2GetNumberStringSystemUInt32SystemBoolean', ID = '100'
Method 'SystemStringCosmosIL2CPUILCustomImplementationsSystemEnvironmentImplGetResourceFromDefaultSystemString', ID = '101'
Method 'SystemStringCosmosIL2CPUILCustomImplementationsSystemInt32Impl2GetNumberStringSystemInt32', ID = '103'
Method 'SystemInt32SystemStringIndexOfSystemChar', ID = '106'
Method 'SystemVoidSystemFormatExceptionctor', ID = '109'
Method 'SystemStringCosmosIL2CPUILCustomImplementationsSystemInt64Impl2GetNumberStringSystemInt64', ID = '111'
Method 'SystemBytearraySystemBitConverterGetBytesSystemSingle', ID = '117'
Method 'SystemInt32SystemBitConverterToInt32SystemBytearraySystemInt32', ID = '118'
Method 'SystemStringCosmosIL2CPUILCustomImplementationsSystemUInt64Impl2GetNumberStringSystemUInt64SystemBoolean', ID = '122'
Method 'SystemUInt32CosmosCoreHeapMemAllocSystemUInt32', ID = '132'
Method 'SystemDoubleCosmosSystemPlugsSystemRandomImplGetUniform', ID = '140'
Method 'CosmosSystemConsoleCosmosSystemPlugsSystemConsoleImplGetConsole', ID = '145'
Method 'SystemVoidCosmosSystemConsoleset_BackgroundSystemConsoleColor', ID = '146'
Method 'SystemVoidCosmosSystemPlugsSystemConsoleImplWriteLineSystemString', ID = '147'
Method 'SystemInt32CosmosSystemConsoleget_X', ID = '148'
Method 'SystemVoidCosmosSystemConsoleset_XSystemInt32', ID = '149'
Method 'SystemInt32CosmosSystemConsoleget_Y', ID = '150'
Method 'SystemVoidCosmosSystemConsoleset_YSystemInt32', ID = '151'
Method 'SystemVoidCosmosSystemConsoleset_ForegroundSystemConsoleColor', ID = '153'
Method 'SystemInt32CosmosSystemConsoleget_Rows', ID = '155'
Method 'SystemInt32CosmosSystemConsoleget_Cols', ID = '156'
Method 'SystemVoidCosmosSystemConsoleClear', ID = '157'
Method 'SystemBooleanCosmosHALKeyboardTryReadKeyCosmosHALKeyEvent', ID = '160'
Method 'SystemCharCosmosHALKeyEventget_KeyChar', ID = '161'
Method 'CosmosHALKeyEventCosmosHALKeyboardReadKey', ID = '163'
Method 'SystemVoidCosmosSystemPlugsSystemConsoleImplWriteSystemChar', ID = '164'
Method 'SystemVoidSystemCollectionsGenericList1SystemCharctorSystemInt32', ID = '165'
Method 'CosmosHALConsoleKeyExCosmosHALKeyEventget_Key', ID = '166'
Method 'SystemVoidSystemCollectionsGenericList1SystemCharRemoveAtSystemInt32', ID = '167'
Method 'SystemCharSystemCollectionsGenericList1SystemCharget_ItemSystemInt32', ID = '168'
Method 'SystemInt32SystemCollectionsGenericList1SystemCharget_Count', ID = '169'
Method 'SystemVoidSystemCollectionsGenericList1SystemCharAddSystemChar', ID = '170'
Method 'SystemVoidSystemCollectionsGenericList1SystemCharctor', ID = '171'
Method 'SystemVoidCosmosSystemPlugsSystemConsoleImplWriteLine', ID = '172'
Method 'SystemChararraySystemCollectionsGenericList1SystemCharToArray', ID = '173'
Method 'SystemStringSystemBooleanToString', ID = '174'
Method 'SystemVoidCosmosSystemPlugsSystemConsoleImplWriteSystemString', ID = '175'
Method 'SystemVoidCosmosSystemConsoleWriteCharSystemChar', ID = '176'
Method 'SystemVoidCosmosSystemPlugsSystemConsoleImplWriteSystemChararraySystemInt32SystemInt32', ID = '177'
Method 'SystemVoidCosmosSystemConsoleWriteSystemString', ID = '181'
Method 'SystemVoidCosmosSystemConsoleNewLine', ID = '182'
Method 'SystemVoidCosmosIL2CPURuntimeEngineInitializeApplication', ID = '185'
Method 'SystemVoidCosmosIL2CPURuntimeEngineFinalizeApplicationSystemInt32', ID = '186'
Method 'SystemVoidCosmosIL2CPUVTablesImplLoadTypeTableSystemInt32', ID = '187'
Method 'SystemVoidCosmosIL2CPUVTablesImplSetMethodInfoSystemInt32SystemInt32SystemInt32SystemInt32SystemChararray', ID = '188'
Method 'SystemBooleanCosmosIL2CPUVTablesImplIsInstanceSystemInt32SystemInt32', ID = '189'
Method 'SystemVoidCosmosIL2CPUVTablesImplSetTypeInfoSystemInt32SystemInt32SystemInt32arraySystemInt32arraySystemInt32', ID = '190'
Method 'SystemInt32CosmosIL2CPUVTablesImplGetMethodAddressForTypeSystemInt32SystemInt32', ID = '191'
Method 'SystemVoidCosmosIL2CPUExceptionHelperThrowNotImplementedSystemString', ID = '194'
Method 'SystemVoidCosmosIL2CPUExceptionHelperThrowOverflow', ID = '195'
Method 'SystemVoidSystemArrayctor', ID = '196'
Method 'SystemVoidSystemThrowHelperThrowInvalidOperationExceptionSystemExceptionResource', ID = '197'
Method 'SystemDelegatearraySystemMulticastDelegateGetInvocationList', ID = '198'
Method 'SystemVoidCosmosKernel1Kernelctor', ID = '200'
Method 'SystemVoidCosmosDebugKernelDebuggerSendSystemString', ID = '204'
Method 'SystemVoidCosmosHALBootstrapInit', ID = '205'
Method 'CosmosHALTextScreenBaseCosmosSystemKernelGetTextScreen', ID = '206'
Method 'CosmosHALKeyboardCosmosSystemKernelGetKeyboard', ID = '207'
Method 'SystemVoidCosmosSystemGlobalInitCosmosHALTextScreenBaseCosmosHALKeyboard', ID = '208'
Method 'SystemVoidCosmosSystemKernelBeforeRun', ID = '209'
Method 'SystemVoidCosmosSystemKernelAfterRun', ID = '211'
Method 'SystemVoidSystemSystemExceptionctorSystemString', ID = '214'
Method 'SystemVoidSystemExceptionSetErrorCodeSystemInt32', ID = '215'
Method 'SystemBytearraySystemBitConverterGetBytesSystemInt64', ID = '218'
Method 'SystemVoidSystemThrowHelperThrowArgumentNullExceptionSystemExceptionArgument', ID = '219'
Method 'SystemVoidSystemThrowHelperThrowArgumentOutOfRangeExceptionSystemExceptionArgumentSystemExceptionResource', ID = '220'
Method 'SystemVoidSystemThrowHelperThrowArgumentExceptionSystemExceptionResource', ID = '221'
Method 'SystemStringSystemStringToString', ID = '224'
Method 'SystemStringSystemValueTypeToString', ID = '225'
Method 'SystemStringSystemGlobalizationCultureInfoToString', ID = '228'
Method 'SystemStringCosmosIL2CPUILCustomImplementationsSystemUInt64ImplToString', ID = '236'
Method 'SystemInt32CosmosIL2CPUX86PlugsCustomImplementationsMSSystemStringImplget_LengthSystemInt32', ID = '237'
Method 'SystemStringCosmosIL2CPUILCustomImplementationsSystemObjectImplToString', ID = '239'
Method 'SystemCharCosmosIL2CPUX86PlugsCustomImplementationsMSSystemStringImplget_CharsSystemInt32', ID = '240'
Method 'SystemChararrayCosmosIL2CPUCustomImplementationSystemStringImplToCharArray', ID = '241'
Method 'SystemVoidCosmosIL2CPUX86PlugsCustomImplementationsMSSystemStringImplCtorSystemChararraySystemInt32SystemChar', ID = '242'
Method 'SystemStringCosmosIL2CPUCustomImplementationSystemStringImplSubstringSystemInt32SystemInt32', ID = '243'
Method 'SystemUInt32CosmosCorePlugsGCImplementionImplAllocNewObjectSystemUInt32', ID = '245'
Method 'SystemVoidSystemBooleancctor', ID = '246'
Method 'SystemInt32CosmosIL2CPUX86PlugsCustomImplementationsSystemArrayImplget_Length', ID = '248'
Method 'SystemVoidCosmosIL2CPUX86PlugsCustomImplementationsSystemBufferBlockCopySystemArraySystemInt32SystemArraySystemInt32SystemInt32', ID = '251'
Method 'SystemVoidSystemExceptioncctor', ID = '253'
Method 'SystemStringCosmosIL2CPUX86PlugsCustomImplementationsSystemExceptionImplget_MessageSystemString', ID = '254'
Method 'SystemStringSystemArgumentOutOfRangeExceptionget_RangeMessage', ID = '257'
Method 'SystemVoidSystemArgumentExceptionctorSystemStringSystemString', ID = '258'
Method 'SystemDoubleCosmosSystemPlugsSystemMathImplatanxSystemDouble', ID = '260'
Method 'SystemStringCosmosIL2CPUILCustomImplementationsSystemInt32ImplToString', ID = '264'
Method 'SystemInt32arrayCosmosIL2CPUCustomImplementationSystemStringImplBuildBadCharTableSystemChararray', ID = '267'
Method 'SystemInt32CosmosCorePlugsStringImplIndexOfSystemString', ID = '268'
Method 'SystemBooleanSystemStringEqualsSystemStringSystemString', ID = '272'
Method 'SystemInt32CosmosIL2CPUCustomImplementationSystemStringImplCompareToSystemString', ID = '275'
Method 'SystemInt32CosmosIL2CPUCustomImplementationSystemStringImplIndexOfSystemStringSystemInt32SystemInt32SystemStringComparison', ID = '276'
Method 'SystemStringCosmosIL2CPUCustomImplementationSystemStringImplSubstringSystemInt32', ID = '277'
Method 'SystemStringCosmosSystemPlugsSystemCharImplToString', ID = '278'
Method 'SystemStringCosmosCorePlugsStringImplRemoveSystemInt32SystemInt32', ID = '279'
Method 'SystemStringCosmosCorePlugsStringImplInsertSystemInt32SystemString', ID = '280'
Method 'SystemBytearraySystemBitConverterGetBytesSystemInt32', ID = '290'
Method 'SystemStringCosmosIL2CPUILCustomImplementationsSystemUInt32ImplToString', ID = '291'
Method 'SystemVoidCosmosIL2CPUX86PlugsCustomImplementationsSystemExceptionImplCtorSystemStringSystemString', ID = '294'
Method 'SystemVoidCosmosCoreHeapInitialize', ID = '296'
Method 'SystemVoidCosmosCommonNumberHelperWriteNumberSystemUInt32SystemInt32', ID = '300'
Method 'SystemVoidCosmosCoreHeapUpdateDebugDisplay', ID = '301'
Method 'SystemVoidCosmosCoreHeapClearMemorySystemUInt32SystemUInt32', ID = '302'
Method 'SystemByteCosmosHALRTCget_Second', ID = '304'
Method 'SystemVoidCosmosSystemPlugsSystemConsoleImplcctor', ID = '305'
Method 'SystemConsoleColorCosmosSystemConsoleget_Foreground', ID = '309'
Method 'SystemVoidCosmosSystemConsoleUpdateCursor', ID = '311'
Method 'SystemConsoleColorCosmosSystemConsoleget_Background', ID = '312'
Method 'SystemVoidCosmosHALGlobalcctor', ID = '316'
Method 'SystemInt32SystemCollectionsGenericQueue1CosmosHALKeyEventget_Count', ID = '320'
Method 'CosmosHALKeyEventSystemCollectionsGenericQueue1CosmosHALKeyEventDequeue', ID = '321'
Method 'CosmosCoreCPUCosmosCoreGlobalget_CPU', ID = '322'
Method 'SystemVoidSystemThrowHelperThrowArgumentOutOfRangeException', ID = '327'
Method 'SystemVoidSystemArrayCopySystemArraySystemInt32SystemArraySystemInt32SystemInt32', ID = '328'
Method 'SystemVoidSystemCollectionsGenericList1SystemCharEnsureCapacitySystemInt32', ID = '329'
Method 'SystemStringCosmosIL2CPUILCustomImplementationsSystemDoubleImplToString', ID = '331'
Method 'SystemStringCosmosIL2CPUILCustomImplementationsSystemSingleImplToString', ID = '332'
Method 'SystemStringCosmosIL2CPUILCustomImplementationsSystemInt64ImplToString', ID = '333'
Method 'SystemVoidCosmosIL2CPUILCustomImplementationsSystemObjectImplCtor', ID = '335'
Method 'SystemVoidCosmosIL2CPURuntimeEngineInitializeEngine', ID = '337'
Method 'SystemVoidCosmosIL2CPURuntimeEngineHeap_Initialize', ID = '338'
Method 'SystemVoidCosmosIL2CPURuntimeEngineFinalizeEngine', ID = '339'
Method 'SystemVoidCosmosIL2CPURuntimeEngineExitProcessSystemInt32', ID = '340'
Method 'SystemVoidCosmosIL2CPUVTablesImplWriteNumberSystemUInt32SystemByte', ID = '344'
Method 'SystemVoidCosmosCorePlugsGCImplementionImplIncRefCountSystemUInt32', ID = '345'
Method 'SystemVoidCosmosCorePlugsGCImplementionImplDecRefCountSystemUInt32', ID = '346'
Method 'SystemVoidSystemOverflowExceptionctorSystemString', ID = '348'
Method 'SystemStringSystemThrowHelperGetResourceNameSystemExceptionResource', ID = '351'
Method 'SystemVoidSystemInvalidOperationExceptionctorSystemString', ID = '352'
Method 'SystemDelegatearraySystemDelegateGetInvocationList', ID = '354'
Method 'SystemInt32SystemIntPtrop_ExplicitSystemIntPtr', ID = '355'
Method 'SystemVoidCosmosSystemKernelctor', ID = '357'
Method 'SystemVoidCosmosSystemGlobalcctor', ID = '358'
Method 'SystemVoidCosmosCoreBootstrapInit', ID = '361'
Method 'SystemVoidCosmosSystemConsolectorCosmosHALTextScreenBase', ID = '363'
Method 'SystemVoidCosmosHALGlobalInitCosmosHALTextScreenBaseCosmosHALKeyboard', ID = '364'
Method 'SystemVoidCosmosSystemGlobalset_NumLockSystemBoolean', ID = '365'
Method 'SystemVoidCosmosSystemGlobalset_CapsLockSystemBoolean', ID = '366'
Method 'SystemVoidCosmosSystemGlobalset_ScrollLockSystemBoolean', ID = '367'
Method 'SystemVoidCosmosKernel1KernelBeforeRun', ID = '368'
Method 'SystemVoidCosmosKernel1KernelRun', ID = '369'
Method 'SystemVoidSystemExceptionset_HResultSystemInt32', ID = '370'
Method 'SystemVoidSystemBitConvertercctor', ID = '371'
Method 'SystemStringSystemThrowHelperGetArgumentNameSystemExceptionArgument', ID = '373'
Method 'SystemBooleanSystemCompatibilitySwitchesget_IsAppEarlierThanWindowsPhone8', ID = '374'
Method 'SystemVoidSystemArgumentOutOfRangeExceptionctorSystemStringSystemString', ID = '375'
Method 'SystemVoidSystemArgumentExceptionctorSystemString', ID = '376'
Method 'SystemStringCosmosIL2CPUILCustomImplementationsSystemIntPtrImplToString', ID = '377'
Method 'SystemStringCosmosIL2CPUX86PlugsCustomImplementationsSystemExceptionImplToString', ID = '379'
Method 'SystemStringCosmosIL2CPUILCustomImplementationsSystemEnumImplToString', ID = '380'
Method 'SystemStringCosmosIL2CPUILCustomImplementationsSystemInt16ImplToString', ID = '381'
Method 'SystemStringCosmosSystemPlugsSystemTypeImplToString', ID = '382'
Method 'SystemStringCosmosIL2CPUILCustomImplementationsSystemNetIPAddressImplToString', ID = '383'
Method 'SystemStringCosmosIL2CPUILCustomImplementationsSystemNetSocketAddressImplToString', ID = '384'
Method 'SystemStringCosmosIL2CPUCustomImplementationSystemUIntPtrImplToString', ID = '385'
Method 'SystemStringCosmosIL2CPUILCustomImplementationsSystemUInt16ImplToString', ID = '386'
Method 'SystemStringCosmosIL2CPUILCustomImplementationsSystemByteImplToString', ID = '387'
Method 'SystemVoidCosmosSystemPlugsSystemCharImplCctor', ID = '390'
Method 'SystemVoidCosmosIL2CPUILCustomImplementationsSystemEnumImplCctor', ID = '396'
Method 'SystemVoidCosmosIL2CPUX86PlugsNEW_PLUGSDoubleImplCctor', ID = '399'
Method 'SystemStringSystemArgumentOutOfRangeExceptionget_Message', ID = '400'
Method 'SystemStringSystemArgumentExceptionget_Message', ID = '402'
Method 'SystemStringCosmosIL2CPUILCustomImplementationsSystemEnvironmentImplGetResourceStringSystemString', ID = '404'
Method 'SystemVoidSystemMathcctor', ID = '405'
Method 'SystemVoidSystemConsolecctor', ID = '407'
Method 'SystemVoidCosmosIL2CPUCustomImplementationSystemGlobalizationCultureInfoImplCCtor', ID = '408'
Method 'SystemGlobalizationCultureInfoCosmosIL2CPUCustomImplementationSystemGlobalizationCultureInfoImplget_CurrentCulture', ID = '410'
Method 'SystemStringCosmosCorePlugsStringImplToLowerSystemGlobalizationCultureInfo', ID = '411'
Method 'SystemVoidCosmosIL2CPUX86PlugsCustomImplementationsMSSystemStringImplCtorSystemChararraySystemInt32SystemInt32SystemInt32SystemChar', ID = '413'
Method 'SystemInt32CosmosIL2CPUCustomImplementationSystemStringImplIndexOfSystemCharSystemInt32SystemInt32', ID = '414'
Method 'SystemVoidCosmosSystemPlugsSystemTypeImplCCtor', ID = '415'
Method 'SystemVoidCosmosIL2CPUILCustomImplementationsSystemNetIPAddressImplCCtor', ID = '417'
Method 'SystemVoidCosmosCoreHeapcctor', ID = '418'
Method 'SystemVoidCosmosCoreHeapDoInitializeSystemUInt32SystemUInt32', ID = '422'
Method 'SystemVoidCosmosCommonNumberHelperWriteNumberSystemUInt32SystemInt32SystemBoolean', ID = '424'
Method 'SystemVoidCosmosHALRTCWaitForReady', ID = '427'
Method 'SystemVoidCosmosCoreIOPortset_ByteSystemByte', ID = '430'
Method 'SystemByteCosmosCoreIOPortget_Byte', ID = '432'
Method 'SystemByteCosmosHALRTCFromBCDSystemByte', ID = '433'
Method 'SystemVoidCosmosDebugKernelDebuggerctorSystemStringSystemString', ID = '436'
Method 'SystemVoidCosmosHALTextScreenctor', ID = '438'
Method 'SystemVoidCosmosCorePlugsCPUImplHalt', ID = '445'
Method 'SystemVoidSystemCollectionsGenericList1SystemCharcctor', ID = '446'
Method 'SystemVoidSystemCollectionsGenericList1SystemCharset_CapacitySystemInt32', ID = '448'
Method 'SystemVoidCosmosIL2CPURuntimeEnginecctor', ID = '452'
Method 'SystemVoidSystemArithmeticExceptionctorSystemString', ID = '454'
Method 'SystemVoidCosmosDebugKernelPlugsDebuggerDoSendSystemString', ID = '456'
Method 'SystemVoidCosmosCoreINTsDummy', ID = '457'
Method 'SystemVoidCosmosCorePICctor', ID = '458'
Method 'SystemVoidCosmosCoreGlobalInit', ID = '462'
Method 'SystemVoidCosmosHALGlobalInitStaticDevices', ID = '463'
Method 'SystemVoidCosmosHALGlobalInitPciDevices', ID = '464'
Method 'SystemVoidCosmosHALGlobalset_NumLockSystemBoolean', ID = '465'
Method 'SystemVoidCosmosHALGlobalset_CapsLockSystemBoolean', ID = '466'
Method 'SystemVoidCosmosHALGlobalset_ScrollLockSystemBoolean', ID = '467'
Method 'SystemVoidCosmosKernel1Kernelmainrunbypass', ID = '472'
Method 'SystemVoidCosmosSystemPowerReboot', ID = '473'
Method 'SystemTypeCosmosIL2CPUILCustomImplementationsSystemObjectImplGetType', ID = '476'
Method 'SystemStringSystemEnvironmentget_NewLine', ID = '487'
Method 'SystemBooleanSystemStringIsNullOrEmptySystemString', ID = '488'
Method 'SystemVoidCosmosIL2CPUX86PlugsCustomImplementationsSystemRuntimeCompilerServicesRuntimeHelpersImplInitializeArraySystemArraySystemRuntimeFieldHandle', ID = '492'
Method 'SystemVoidSystemTextUnicodeEncodingctorSystemBooleanSystemBoolean', ID = '494'
Method 'SystemUInt32CosmosCorePlugsCPUImplGetEndOfKernel', ID = '505'
Method 'SystemUInt32CosmosCorePlugsCPUImplGetAmountOfRAM', ID = '506'
Method 'SystemStringCosmosCommonExtensionsToHexStringToHexSystemUInt32SystemInt32', ID = '508'
Method 'SystemStringSystemStringTrimStartSystemChararray', ID = '509'
Method 'SystemVoidCosmosCorePlugsCPUImplZeroFillSystemUInt32SystemUInt32', ID = '510'
Method 'SystemVoidCosmosHALRTCcctor', ID = '511'
Method 'SystemVoidCosmosCoreIOGroupTextScreenctor', ID = '518'
Method 'SystemVoidCosmosHALTextScreenBasector', ID = '519'
Method 'SystemVoidSystemCollectionsGenericQueue1CosmosHALKeyEventcctor', ID = '522'
Method 'SystemVoidCosmosCoreGlobalcctor', ID = '523'
Method 'SystemVoidCosmosCoreBootstrapcctor', ID = '524'
Method 'SystemVoidCosmosIL2CPUX86PlugsCustomImplementationsSystemArrayImplCopySystemArraySystemInt32SystemArraySystemInt32SystemInt32SystemBoolean', ID = '526'
Method 'SystemVoidCosmosCoreINTsHandleInterrupt_DefaultCosmosCoreINTsIRQContext', ID = '532'
Method 'SystemVoidCosmosCoreINTsHandleInterrupt_00CosmosCoreINTsIRQContext', ID = '533'
Method 'SystemVoidCosmosCoreINTsHandleInterrupt_01CosmosCoreINTsIRQContext', ID = '534'
Method 'SystemVoidCosmosCoreINTsHandleInterrupt_02CosmosCoreINTsIRQContext', ID = '535'
Method 'SystemVoidCosmosCoreINTsHandleInterrupt_03CosmosCoreINTsIRQContext', ID = '536'
Method 'SystemVoidCosmosCoreINTsHandleInterrupt_04CosmosCoreINTsIRQContext', ID = '537'
Method 'SystemVoidCosmosCoreINTsHandleInterrupt_05CosmosCoreINTsIRQContext', ID = '538'
Method 'SystemVoidCosmosCoreINTsHandleInterrupt_06CosmosCoreINTsIRQContext', ID = '539'
Method 'SystemVoidCosmosCoreINTsHandleInterrupt_07CosmosCoreINTsIRQContext', ID = '540'
Method 'SystemVoidCosmosCoreINTsHandleInterrupt_08CosmosCoreINTsIRQContext', ID = '541'
Method 'SystemVoidCosmosCoreINTsHandleInterrupt_09CosmosCoreINTsIRQContext', ID = '542'
Method 'SystemVoidCosmosCoreINTsHandleInterrupt_0ACosmosCoreINTsIRQContext', ID = '543'
Method 'SystemVoidCosmosCoreINTsHandleInterrupt_0BCosmosCoreINTsIRQContext', ID = '544'
Method 'SystemVoidCosmosCoreINTsHandleInterrupt_0CCosmosCoreINTsIRQContext', ID = '545'
Method 'SystemVoidCosmosCoreINTsHandleInterrupt_0DCosmosCoreINTsIRQContext', ID = '546'
Method 'SystemVoidCosmosCoreINTsHandleInterrupt_0ECosmosCoreINTsIRQContext', ID = '547'
Method 'SystemVoidCosmosCoreINTsHandleInterrupt_0FCosmosCoreINTsIRQContext', ID = '548'
Method 'SystemVoidCosmosCoreINTsHandleInterrupt_10CosmosCoreINTsIRQContext', ID = '549'
Method 'SystemVoidCosmosCoreINTsHandleInterrupt_11CosmosCoreINTsIRQContext', ID = '550'
Method 'SystemVoidCosmosCoreINTsHandleInterrupt_12CosmosCoreINTsIRQContext', ID = '551'
Method 'SystemVoidCosmosCoreINTsHandleInterrupt_13CosmosCoreINTsIRQContext', ID = '552'
Method 'SystemVoidCosmosCoreINTsHandleInterrupt_20CosmosCoreINTsIRQContext', ID = '553'
Method 'SystemVoidCosmosCoreINTsHandleInterrupt_21CosmosCoreINTsIRQContext', ID = '554'
Method 'SystemVoidCosmosCoreINTsHandleInterrupt_22CosmosCoreINTsIRQContext', ID = '555'
Method 'SystemVoidCosmosCoreINTsHandleInterrupt_23CosmosCoreINTsIRQContext', ID = '556'
Method 'SystemVoidCosmosCoreINTsHandleInterrupt_24CosmosCoreINTsIRQContext', ID = '557'
Method 'SystemVoidCosmosCoreINTsHandleInterrupt_25CosmosCoreINTsIRQContext', ID = '558'
Method 'SystemVoidCosmosCoreINTsHandleInterrupt_26CosmosCoreINTsIRQContext', ID = '559'
Method 'SystemVoidCosmosCoreINTsHandleInterrupt_27CosmosCoreINTsIRQContext', ID = '560'
Method 'SystemVoidCosmosCoreINTsHandleInterrupt_28CosmosCoreINTsIRQContext', ID = '561'
Method 'SystemVoidCosmosCoreINTsHandleInterrupt_29CosmosCoreINTsIRQContext', ID = '562'
Method 'SystemVoidCosmosCoreINTsHandleInterrupt_2ACosmosCoreINTsIRQContext', ID = '563'
Method 'SystemVoidCosmosCoreINTsHandleInterrupt_2BCosmosCoreINTsIRQContext', ID = '564'
Method 'SystemVoidCosmosCoreINTsHandleInterrupt_2CCosmosCoreINTsIRQContext', ID = '565'
Method 'SystemVoidCosmosCoreINTsHandleInterrupt_2DCosmosCoreINTsIRQContext', ID = '566'
Method 'SystemVoidCosmosCoreINTsHandleInterrupt_2ECosmosCoreINTsIRQContext', ID = '567'
Method 'SystemVoidCosmosCoreINTsHandleInterrupt_2FCosmosCoreINTsIRQContext', ID = '568'
Method 'SystemVoidCosmosCoreINTsHandleInterrupt_30CosmosCoreINTsIRQContext', ID = '569'
Method 'SystemVoidCosmosCoreINTsHandleInterrupt_35CosmosCoreINTsIRQContext', ID = '570'
Method 'SystemVoidCosmosCoreINTsHandleInterrupt_40CosmosCoreINTsIRQContext', ID = '571'
Method 'SystemVoidCosmosCoreINTsHandleInterrupt_41CosmosCoreINTsIRQContext', ID = '572'
Method 'SystemVoidCosmosCoreINTsHandleInterrupt_42CosmosCoreINTsIRQContext', ID = '573'
Method 'SystemVoidCosmosCoreINTsHandleInterrupt_43CosmosCoreINTsIRQContext', ID = '574'
Method 'SystemVoidCosmosCoreINTsHandleInterrupt_44CosmosCoreINTsIRQContext', ID = '575'
Method 'SystemVoidCosmosCoreINTsHandleInterrupt_45CosmosCoreINTsIRQContext', ID = '576'
Method 'SystemVoidCosmosCoreINTsHandleInterrupt_46CosmosCoreINTsIRQContext', ID = '577'
Method 'SystemVoidCosmosCoreINTsHandleInterrupt_47CosmosCoreINTsIRQContext', ID = '578'
Method 'SystemVoidCosmosCoreINTsHandleInterrupt_48CosmosCoreINTsIRQContext', ID = '579'
Method 'SystemVoidCosmosCoreINTsHandleInterrupt_49CosmosCoreINTsIRQContext', ID = '580'
Method 'SystemVoidCosmosCoreIOGroupPICctorSystemBoolean', ID = '582'
Method 'SystemVoidCosmosCorePICRemapSystemByteSystemByteSystemByteSystemByte', ID = '583'
Method 'SystemVoidCosmosCorePlugsCPUImplUpdateIDTSystemBoolean', ID = '584'
Method 'SystemVoidCosmosCorePlugsCPUImplInitFloat', ID = '585'
Method 'SystemVoidCosmosHALPS2Keyboardctor', ID = '586'
Method 'SystemVoidCosmosHALGlobalInitAtaCosmosHALBlockDeviceAtaControllerIdEnumCosmosHALBlockDeviceAtaBusPositionEnum', ID = '587'
Method 'SystemVoidCosmosHALPCISetup', ID = '588'
Method 'SystemVoidCosmosSystemPlugsSystemConsoleImplClear', ID = '593'
Method 'SystemVoidCosmosSystemPlugsSystemConsoleImplset_ForegroundColorSystemConsoleColor', ID = '594'
Method 'SystemVoidCosmosSystemPlugsSystemConsoleImplset_BackgroundColorSystemConsoleColor', ID = '595'
Method 'SystemStringCosmosSystemPlugsSystemConsoleImplReadLine', ID = '596'
Method 'SystemVoidhardwareDisplayDriverctor', ID = '597'
Method 'SystemVoidhardwareDisplayDriverinit', ID = '598'
Method 'SystemVoidhardwareDisplayDriverdraw_mouse', ID = '599'
Method 'SystemVoidCosmosHALPowerReboot', ID = '601'
Method 'SystemStringCosmosIL2CPUILCustomImplementationsSystemEnvironmentImplGetResourceStringSystemStringSystemObjectarray', ID = '602'
Method 'SystemVoidSystemTextUnicodeEncodingctorSystemBooleanSystemBooleanSystemBoolean', ID = '605'
Method 'SystemStringCosmosCommonExtensionsToHexStringConvertToHexSystemUInt32SystemInt32', ID = '607'
Method 'SystemStringSystemStringTrimHelperSystemInt32', ID = '608'
Method 'SystemStringSystemStringTrimHelperSystemChararraySystemInt32', ID = '609'
Method 'SystemVoidCosmosCoreIOGroupRTCctor', ID = '610'
Method 'SystemVoidCosmosCorePlugsIOPortImplWrite8SystemUInt16SystemByte', ID = '613'
Method 'SystemByteCosmosCorePlugsIOPortImplRead8SystemUInt16', ID = '614'
Method 'SystemVoidCosmosHALTextScreenSetColorsSystemConsoleColorSystemConsoleColor', ID = '615'
Method 'SystemUInt16CosmosHALTextScreenget_Rows', ID = '616'
Method 'SystemUInt16CosmosHALTextScreenget_Cols', ID = '617'
Method 'SystemVoidCosmosHALTextScreenClear', ID = '618'
Method 'SystemVoidCosmosHALTextScreenset_ItemSystemInt32SystemInt32SystemChar', ID = '619'
Method 'SystemVoidCosmosHALTextScreenScrollUp', ID = '620'
Method 'SystemByteCosmosHALTextScreenGetColor', ID = '621'
Method 'SystemVoidCosmosHALTextScreenSetCursorPosSystemInt32SystemInt32', ID = '622'
Method 'SystemVoidCosmosCoreMemoryBlockctorSystemUInt32SystemUInt32', ID = '623'
Method 'SystemVoidCosmosCoreIOPortctorSystemUInt16', ID = '624'
Method 'SystemVoidCosmosCoreIOGroupIOGroupctor', ID = '625'
Method 'SystemVoidCosmosHALDevicector', ID = '626'
Method 'SystemVoidCosmosCoreBaseIOGroupsctor', ID = '628'
Method 'SystemVoidCosmosCoreCPUctor', ID = '631'
Method 'SystemVoidCosmosCoreINTscctor', ID = '632'
Method 'CosmosCorePICCosmosCoreGlobalget_PIC', ID = '634'
Method 'SystemVoidCosmosCorePICEoiSlave', ID = '635'
Method 'SystemVoidCosmosCorePICEoiMaster', ID = '636'
Method 'SystemVoidCosmosCoreINTsHandleExceptionSystemUInt32SystemStringSystemStringCosmosCoreINTsIRQContextSystemUInt32', ID = '637'
Method 'SystemVoidCosmosIL2CPUX86PlugsNEW_PLUGSDelegateImplInvoke', ID = '714'
Method 'SystemVoidCosmosCoreINTsIRQSystemUInt32CosmosCoreINTsIRQContext', ID = '641'
Method 'SystemVoidCosmosDebugKernelDebuggerSendMessageSystemStringSystemString', ID = '643'
Method 'SystemVoidCosmosCoreIOPortWait', ID = '645'
Method 'SystemVoidCosmosHALKeyboardctor', ID = '648'
Method 'SystemVoidCosmosHALBlockDeviceAtaPioctorCosmosCoreIOGroupATACosmosHALBlockDeviceAtaControllerIdEnumCosmosHALBlockDeviceAtaBusPositionEnum', ID = '651'
Method 'CosmosHALBlockDeviceAtaPioSpecLevelCosmosHALBlockDeviceAtaPioget_DriveType', ID = '652'
Method 'SystemVoidSystemCollectionsGenericList1CosmosHALBlockDeviceBlockDeviceAddCosmosHALBlockDeviceBlockDevice', ID = '655'
Method 'SystemVoidCosmosHALBlockDeviceMBRctorSystemBytearray', ID = '660'
Method 'SystemVoidCosmosHALBlockDeviceEBRctorSystemBytearray', ID = '662'
Method 'SystemInt32SystemCollectionsGenericList1CosmosHALBlockDeviceEBRPartInfoget_Count', ID = '664'
Method 'SystemInt32SystemCollectionsGenericList1CosmosHALBlockDeviceMBRPartInfoget_Count', ID = '665'
Method 'CosmosHALBlockDeviceMBRPartInfoSystemCollectionsGenericList1CosmosHALBlockDeviceMBRPartInfoget_ItemSystemInt32', ID = '667'
Method 'SystemVoidCosmosHALBlockDevicePartitionctorCosmosHALBlockDeviceBlockDeviceSystemUInt64SystemUInt64', ID = '669'
Method 'SystemVoidCosmosHALPCIEnumerateDevices', ID = '672'
Method 'SystemVoidCosmosHALPS2KeyboardUpdateLeds', ID = '673'
Method 'SystemVoidCosmosHALMousector', ID = '675'
Method 'SystemVoidCosmosHALVGAScreenctor', ID = '676'
Method 'SystemVoidCosmosHALVGAScreenSetGraphicsModeCosmosHALVGAScreenScreenSizeCosmosHALVGAScreenColorDepth', ID = '677'
Method 'SystemVoidCosmosHALVGAScreenClearSystemInt32', ID = '678'
Method 'SystemInt32CosmosHALVGAScreenget_PixelWidth', ID = '679'
Method 'SystemInt32CosmosHALVGAScreenget_PixelHeight', ID = '680'
Method 'SystemVoidhardwareDisplayDriverstartmenu', ID = '681'
Method 'SystemVoidCosmosHALMouseInitializeSystemUInt32SystemUInt32', ID = '682'
Method 'SystemVoidhardwareDisplayDriverDrawFilledRectangleSystemUInt32SystemUInt32SystemInt32SystemInt32SystemInt32', ID = '683'
Method 'SystemVoidCosmosIL2CPUX86PlugsNEW_PLUGSDelegateImplInvoke', ID = '714'
Method 'SystemVoidhardwareDisplayDriverReDraw', ID = '687'
Method 'SystemVoidCosmosCoreCPUReboot', ID = '689'
Method 'SystemVoidSystemTextEncodingctorSystemInt32', ID = '690'
Method 'SystemVoidSystemTextEncodingSetDefaultFallbacks', ID = '691'
Method 'SystemStringCosmosCommonExtensionsToHexStringConvertToHexSystemUInt32', ID = '692'
Method 'SystemStringSystemStringPadLeftSystemInt32SystemChar', ID = '693'
Method 'SystemBooleanSystemStringIsBOMWhitespaceSystemChar', ID = '695'
Method 'SystemStringSystemStringCreateTrimmedStringSystemInt32SystemInt32', ID = '696'
Method 'SystemVoidCosmosCoreMemoryBlockFillSystemUInt32', ID = '698'
Method 'SystemVoidCosmosCoreMemoryBlock08set_ItemSystemUInt32SystemByte', ID = '699'
Method 'SystemVoidCosmosCoreMemoryBlockMoveDownSystemUInt32SystemUInt32SystemUInt32', ID = '700'
Method 'SystemVoidCosmosCoreMemoryBlockFillSystemUInt32SystemUInt32SystemUInt32', ID = '701'
Method 'SystemVoidCosmosCoreMemoryBlock08ctorSystemUInt32SystemUInt32', ID = '702'
Method 'SystemVoidCosmosCoreMemoryBlock16ctorSystemUInt32SystemUInt32', ID = '703'
Method 'SystemVoidCosmosCoreMemoryBlock32ctorSystemUInt32SystemUInt32', ID = '704'
Method 'SystemVoidCosmosCoreIOPortBasectorSystemUInt16', ID = '705'
Method 'SystemVoidCosmosCoreIOGroupKeyboardctor', ID = '706'
Method 'SystemVoidCosmosCoreIOGroupPITctor', ID = '707'
Method 'SystemVoidCosmosCoreIOGroupATActorSystemBoolean', ID = '708'
Method 'SystemVoidCosmosCoreIOGroupVBEctor', ID = '709'
Method 'SystemVoidCosmosCoreINTsPutErrorCharSystemInt32SystemInt32SystemChar', ID = '712'
Method 'SystemVoidCosmosCoreINTsPutErrorStringSystemInt32SystemInt32SystemString', ID = '713'
Method 'SystemVoidCosmosCoreHMIGCMonitor', ID = '715'
Method 'SystemVoidCosmosCoreHMIGCFreeAll', ID = '716'
Method 'SystemVoidCosmosCoreBaseIOGroupscctor', ID = '718'
Method 'SystemVoidSystemCollectionsGenericQueue1CosmosHALKeyEventctorSystemInt32', ID = '719'
Method 'SystemVoidCosmosHALScanMapsUS_Standardctor', ID = '720'
Method 'SystemVoidCosmosHALKeyboardSetKeyLayoutCosmosHALScanMapBase', ID = '721'
Method 'SystemVoidCosmosHALBlockDeviceAtactor', ID = '725'
Method 'SystemVoidCosmosCoreIOPortWriteset_ByteSystemByte', ID = '726'
Method 'CosmosHALBlockDeviceAtaPioSpecLevelCosmosHALBlockDeviceAtaPioDiscoverDrive', ID = '727'
Method 'SystemVoidCosmosHALBlockDeviceAtaPioInitDrive', ID = '728'
Method 'SystemVoidCosmosHALBlockDeviceBlockDevicecctor', ID = '730'
Method 'SystemVoidSystemCollectionsGenericList1CosmosHALBlockDeviceBlockDeviceEnsureCapacitySystemInt32', ID = '732'
Method 'SystemVoidCosmosHALBlockDeviceAtacctor', ID = '733'
Method 'SystemStringCosmosIL2CPUCustomImplementationSystemStringImplConcatSystemObjectSystemObjectSystemObject', ID = '734'
Method 'SystemVoidCosmosHALBlockDeviceAtaPioReadBlockSystemUInt64SystemUInt64SystemBytearray', ID = '735'
Method 'SystemVoidSystemCollectionsGenericList1CosmosHALBlockDeviceMBRPartInfoctor', ID = '736'
Method 'SystemVoidCosmosHALBlockDeviceMBRParsePartitionSystemBytearraySystemUInt32', ID = '737'
Method 'SystemVoidSystemCollectionsGenericList1CosmosHALBlockDeviceEBRPartInfoctor', ID = '738'
Method 'SystemVoidCosmosHALBlockDeviceEBRParsePartitionSystemBytearraySystemUInt32', ID = '739'
Method 'SystemStringCosmosIL2CPUCustomImplementationSystemStringImplConcatSystemObjectSystemObject', ID = '742'
Method 'SystemVoidCosmosHALBlockDeviceBlockDevicector', ID = '744'
Method 'SystemUInt64CosmosHALBlockDeviceBlockDeviceget_BlockSize', ID = '745'
Method 'SystemVoidSystemCollectionsGenericList1CosmosHALPCIDevicector', ID = '746'
Method 'SystemVoidCosmosHALPCIEnumerateBusSystemUInt32SystemUInt32', ID = '748'
Method 'SystemBooleanCosmosHALGlobalget_ScrollLock', ID = '750'
Method 'SystemBooleanCosmosHALGlobalget_NumLock', ID = '751'
Method 'SystemBooleanCosmosHALGlobalget_CapsLock', ID = '752'
Method 'SystemVoidhardwareDisplayDrivercctor', ID = '753'
Method 'SystemVoidCosmosCoreIOGroupVGActor', ID = '754'
Method 'SystemVoidCosmosHALVGAScreenSetPixelNoModeSystemUInt32SystemUInt32SystemUInt32', ID = '756'
Method 'SystemVoidCosmosIL2CPUX86PlugsNEW_PLUGSDelegateImplCtorSystemObjectSystemIntPtr', ID = '856'
Method 'SystemUInt32CosmosHALVGAScreenGetPixelNoModeSystemUInt32SystemUInt32', ID = '758'
Method 'SystemVoidCosmosIL2CPUX86PlugsNEW_PLUGSDelegateImplCtorSystemObjectSystemIntPtr', ID = '856'
Method 'SystemVoidCosmosHALVGAScreenWriteVGARegistersSystemBytearray', ID = '763'
Method 'SystemVoidCosmosHALVGAScreenset_PixelWidthSystemInt32', ID = '764'
Method 'SystemVoidCosmosHALVGAScreenset_PixelHeightSystemInt32', ID = '765'
Method 'SystemVoidCosmosHALVGAScreenset_ColorsSystemInt32', ID = '766'
Method 'SystemVoidCosmosHALVGAScreenSetPixel320x200x8SystemUInt32SystemUInt32SystemUInt32', ID = '767'
Method 'SystemUInt32CosmosHALVGAScreenGetPixel320x200x8SystemUInt32SystemUInt32', ID = '768'
Method 'SystemVoidCosmosHALVGAScreenSetPixel640x480x4SystemUInt32SystemUInt32SystemUInt32', ID = '772'
Method 'SystemUInt32CosmosHALVGAScreenGetPixel640x480x4SystemUInt32SystemUInt32', ID = '773'
Method 'CosmosCoreMemoryBlock08CosmosHALVGAScreenGetFramebufferSegment', ID = '775'
Method 'SystemVoidCosmosHALMouseWaitSignal', ID = '776'
Method 'SystemVoidCosmosHALMouseWaitData', ID = '779'
Method 'SystemVoidCosmosHALMouseWriteSystemByte', ID = '780'
Method 'SystemByteCosmosHALMouseRead', ID = '781'
Method 'SystemVoidCosmosHALMouseHandleMouseCosmosCoreINTsIRQContext', ID = '782'
Method 'SystemVoidCosmosIL2CPUX86PlugsNEW_PLUGSDelegateImplCtorSystemObjectSystemIntPtr', ID = '856'
Method 'SystemVoidCosmosCoreINTsSetIrqHandlerSystemByteCosmosCoreINTsIRQDelegate', ID = '784'
Method 'SystemVoidhardwareDisplayDriverSetPixelSystemInt32SystemInt32SystemInt32', ID = '785'
Method 'SystemVoidCosmosHALVGAScreencctor', ID = '786'
Method 'SystemVoidCosmosHALMousecctor', ID = '787'
Method 'SystemVoidSystemTextUnicodeEncodingSetDefaultFallbacks', ID = '792'
Method 'SystemVoidSystemTextInternalEncoderBestFitFallbackctorSystemTextEncoding', ID = '793'
Method 'SystemVoidSystemTextInternalDecoderBestFitFallbackctorSystemTextEncoding', ID = '794'
Method 'SystemStringCosmosCommonExtensionsToHexStringSingleDigitToHexSystemByte', ID = '795'
Method 'SystemBooleanCosmosSystemPlugsSystemCharImplIsWhiteSpaceSystemChar', ID = '797'
Method 'SystemStringSystemStringInternalSubStringSystemInt32SystemInt32', ID = '798'
Method 'SystemVoidCosmosCoreIOPortWritectorSystemUInt16', ID = '803'
Method 'SystemUInt16CosmosCoreIOGroupATAGetBAR0SystemBoolean', ID = '804'
Method 'SystemUInt16CosmosCoreIOGroupATAGetBAR1SystemBoolean', ID = '805'
Method 'SystemVoidCosmosCoreIOPortWritectorSystemUInt16SystemUInt16', ID = '806'
Method 'SystemVoidCosmosCoreIOPortctorSystemUInt16SystemUInt16', ID = '807'
Method 'SystemVoidCosmosCoreIOPortReadctorSystemUInt16SystemUInt16', ID = '808'
Method 'SystemVoidCosmosCoreIOGroupMousector', ID = '812'
Method 'SystemVoidCosmosCoreIOGroupPCSpeakerctor', ID = '813'
Method 'SystemVoidCosmosHALScanMapBasector', ID = '816'
Method 'SystemVoidCosmosHALKeyboardset_KeyLayoutCosmosHALScanMapBase', ID = '818'
Method 'SystemVoidCosmosHALPS2KeyboardInitialize', ID = '819'
Method 'SystemVoidCosmosHALBlockDeviceAtaPiocctor', ID = '820'
Method 'SystemVoidCosmosHALBlockDeviceAtaPioSelectDriveSystemByte', ID = '822'
Method 'CosmosHALBlockDeviceAtaPioStatusCosmosHALBlockDeviceAtaPioSendCmdCosmosHALBlockDeviceAtaPioCmdSystemBoolean', ID = '823'
Method 'CosmosHALBlockDeviceAtaPioStatusCosmosHALBlockDeviceAtaPioSendCmdCosmosHALBlockDeviceAtaPioCmd', ID = '824'
Method 'SystemVoidCosmosCoreIOPortBaseRead16SystemUInt16array', ID = '825'
Method 'SystemStringCosmosHALBlockDeviceAtaPioGetStringSystemUInt16arraySystemInt32SystemInt32', ID = '826'
Method 'SystemVoidSystemCollectionsGenericList1CosmosHALBlockDeviceBlockDevicector', ID = '827'
Method 'SystemVoidSystemCollectionsGenericList1CosmosHALBlockDeviceBlockDevicecctor', ID = '828'
Method 'SystemVoidSystemCollectionsGenericList1CosmosHALBlockDeviceBlockDeviceset_CapacitySystemInt32', ID = '829'
Method 'SystemVoidCosmosHALBlockDeviceBlockDeviceCheckDataSizeSystemBytearraySystemUInt64', ID = '830'
Method 'SystemVoidCosmosHALBlockDeviceAtaPioSelectSectorSystemUInt64SystemUInt64', ID = '831'
Method 'SystemVoidCosmosCoreIOPortBaseRead8SystemBytearray', ID = '832'
Method 'SystemUInt32CosmosCommonExtensionsByteConverterToUInt32SystemBytearraySystemUInt64', ID = '834'
Method 'SystemVoidCosmosHALBlockDeviceMBRPartInfoctorSystemByteSystemUInt32SystemUInt32', ID = '835'
Method 'SystemVoidSystemCollectionsGenericList1CosmosHALBlockDeviceMBRPartInfoAddCosmosHALBlockDeviceMBRPartInfo', ID = '836'
Method 'SystemVoidCosmosHALBlockDeviceEBRPartInfoctorSystemByteSystemUInt32SystemUInt32', ID = '838'
Method 'SystemVoidSystemCollectionsGenericList1CosmosHALBlockDeviceEBRPartInfoAddCosmosHALBlockDeviceEBRPartInfo', ID = '839'
Method 'SystemVoidSystemCollectionsGenericList1CosmosHALBlockDeviceEBRPartInfocctor', ID = '840'
Method 'SystemVoidSystemCollectionsGenericList1CosmosHALBlockDeviceMBRPartInfocctor', ID = '841'
Method 'SystemVoidCosmosHALBlockDevicePartitionReadBlockSystemUInt64SystemUInt64SystemBytearray', ID = '842'
Method 'SystemVoidCosmosHALPCIDevicectorSystemUInt32SystemUInt32SystemUInt32', ID = '845'
Method 'SystemBooleanCosmosHALPCIDeviceget_DeviceExists', ID = '846'
Method 'CosmosHALPCIDevicePCIHeaderTypeCosmosHALPCIDeviceget_HeaderType', ID = '847'
Method 'SystemVoidCosmosHALPCIDeviceBridgectorSystemUInt32SystemUInt32SystemUInt32', ID = '848'
Method 'SystemVoidCosmosHALPCIAddDeviceCosmosHALPCIDeviceSystemUInt32', ID = '849'
Method 'SystemVoidCosmosHALPCIDeviceCardbusctorSystemUInt32SystemUInt32SystemUInt32', ID = '850'
Method 'SystemVoidCosmosHALPCIDeviceNormalctorSystemUInt32SystemUInt32SystemUInt32', ID = '851'
Method 'SystemVoidCosmosCoreIOPortReadctorSystemUInt16', ID = '853'
Method 'SystemVoidSystemDrawingColorcctor', ID = '854'
Method 'SystemByteCosmosCoreIOPortReadget_Byte', ID = '858'
Method 'SystemByteCosmosCoreMemoryBlock08get_ItemSystemUInt32', ID = '859'
Method 'SystemVoidCosmosCoreINTsSetIntHandlerSystemByteCosmosCoreINTsIRQDelegate', ID = '861'
Method 'SystemVoidCosmosCorePlugsCPUImplDisableInterrupts', ID = '883'
Method 'SystemTextEncoderFallbackSystemTextEncoderFallbackget_ExceptionFallback', ID = '884'
Method 'SystemTextDecoderFallbackSystemTextDecoderFallbackget_ExceptionFallback', ID = '885'
Method 'SystemVoidSystemTextEncoderReplacementFallbackctorSystemString', ID = '886'
Method 'SystemVoidSystemTextDecoderReplacementFallbackctorSystemString', ID = '887'
Method 'SystemVoidSystemTextEncoderFallbackctor', ID = '889'
Method 'SystemVoidSystemTextDecoderFallbackctor', ID = '892'
Method 'SystemStringCosmosIL2CPUCustomImplementationSystemStringImplPadHelperSystemInt32SystemCharSystemBoolean', ID = '894'
Method 'SystemVoidSystemStringwstrcpySystemCharSystemCharSystemInt32', ID = '896'
Method 'SystemVoidCosmosCoreIOPortBasectorSystemUInt16SystemUInt16', ID = '897'
Method 'SystemVoidCosmosHALPS2KeyboardHandleIRQCosmosCoreINTsIRQContext', ID = '901'
Method 'SystemVoidCosmosHALBlockDeviceAtaPioWait', ID = '903'
Method 'SystemVoidCosmosHALBlockDeviceAtaPioDebugSystemString', ID = '907'
Method 'SystemVoidCosmosHALBlockDeviceBlockDeviceCheckBlockNoSystemUInt64SystemUInt64', ID = '911'
Method 'SystemVoidCosmosCoreIOPortWriteset_WordSystemUInt16', ID = '912'
Method 'SystemVoidSystemCollectionsGenericList1CosmosHALBlockDeviceMBRPartInfoEnsureCapacitySystemInt32', ID = '914'
Method 'SystemVoidSystemCollectionsGenericList1CosmosHALBlockDeviceEBRPartInfoEnsureCapacitySystemInt32', ID = '916'
Method 'SystemVoidSystemCollectionsGenericList1CosmosHALPCIDevicecctor', ID = '917'
Method 'SystemVoidCosmosCoreIOGroupPCIctor', ID = '919'
Method 'SystemUInt16CosmosHALPCIDeviceReadRegister16SystemByte', ID = '920'
Method 'SystemVoidCosmosHALPCIDeviceset_VendorIDSystemUInt16', ID = '921'
Method 'SystemVoidCosmosHALPCIDeviceset_DeviceIDSystemUInt16', ID = '922'
Method 'SystemByteCosmosHALPCIDeviceReadRegister8SystemByte', ID = '923'
Method 'SystemVoidCosmosHALPCIDeviceset_RevisionIDSystemByte', ID = '924'
Method 'SystemVoidCosmosHALPCIDeviceset_ProgIFSystemByte', ID = '925'
Method 'SystemVoidCosmosHALPCIDeviceset_SubclassSystemByte', ID = '926'
Method 'SystemVoidCosmosHALPCIDeviceset_ClassCodeSystemByte', ID = '927'
Method 'SystemVoidCosmosHALPCIDeviceset_CacheLineSizeSystemByte', ID = '928'
Method 'SystemVoidCosmosHALPCIDeviceset_LatencyTimerSystemByte', ID = '929'
Method 'SystemVoidCosmosHALPCIDeviceset_HeaderTypeCosmosHALPCIDevicePCIHeaderType', ID = '930'
Method 'SystemVoidCosmosHALPCIDeviceset_BISTCosmosHALPCIDevicePCIBist', ID = '931'
Method 'SystemVoidCosmosHALPCIDeviceset_InterruptLineSystemByte', ID = '932'
Method 'SystemVoidCosmosHALPCIDeviceset_InterruptPINCosmosHALPCIDevicePCIInterruptPIN', ID = '933'
Method 'SystemUInt16CosmosHALPCIDeviceget_VendorID', ID = '934'
Method 'SystemUInt16CosmosHALPCIDeviceget_DeviceID', ID = '935'
Method 'SystemVoidCosmosHALPCIDeviceset_DeviceExistsSystemBoolean', ID = '936'
Method 'SystemVoidCosmosHALPCIDeviceBridgeset_BaseAddressesCosmosHALPCIBaseAddressBararray', ID = '940'
Method 'CosmosHALPCIBaseAddressBararrayCosmosHALPCIDeviceBridgeget_BaseAddresses', ID = '941'
Method 'SystemUInt32CosmosHALPCIDeviceReadRegister32SystemByte', ID = '942'
Method 'SystemVoidCosmosHALPCIBaseAddressBarctorSystemUInt32', ID = '943'
Method 'SystemVoidCosmosHALPCIDeviceBridgeset_PrimaryBusNumberSystemByte', ID = '944'
Method 'SystemVoidCosmosHALPCIDeviceBridgeset_SecondaryBusNumberSystemByte', ID = '945'
Method 'SystemVoidCosmosHALPCIDeviceBridgeset_SubordinateBusNumberSystemByte', ID = '946'
Method 'SystemVoidCosmosHALPCIDeviceBridgeset_SecondaryLatencyTimerSystemByte', ID = '947'
Method 'SystemVoidCosmosHALPCIDeviceBridgeset_IOBaseSystemByte', ID = '948'
Method 'SystemVoidCosmosHALPCIDeviceBridgeset_IOLimitSystemByte', ID = '949'
Method 'SystemVoidCosmosHALPCIDeviceBridgeset_SecondaryStatusSystemUInt16', ID = '950'
Method 'SystemVoidCosmosHALPCIDeviceBridgeset_MemoryBaseSystemUInt16', ID = '951'
Method 'SystemVoidCosmosHALPCIDeviceBridgeset_MemoryLimitSystemUInt16', ID = '952'
Method 'SystemVoidCosmosHALPCIDeviceBridgeset_PrefatchableMemoryBaseSystemUInt16', ID = '953'
Method 'SystemVoidCosmosHALPCIDeviceBridgeset_PrefatchableMemoryLimitSystemUInt16', ID = '954'
Method 'SystemVoidCosmosHALPCIDeviceBridgeset_PrefatchableBaseUpper32SystemUInt32', ID = '955'
Method 'SystemVoidCosmosHALPCIDeviceBridgeset_PrefatchableLimitUpper32SystemUInt32', ID = '956'
Method 'SystemVoidCosmosHALPCIDeviceBridgeset_IOBaseUpper16SystemUInt16', ID = '957'
Method 'SystemVoidCosmosHALPCIDeviceBridgeset_IOLimitUpper16SystemUInt16', ID = '958'
Method 'SystemVoidCosmosHALPCIDeviceBridgeset_CapabilityPointerSystemByte', ID = '959'
Method 'SystemVoidCosmosHALPCIDeviceBridgeset_ExpansionROMBaseAddressSystemUInt32', ID = '960'
Method 'SystemVoidCosmosHALPCIDeviceBridgeset_BridgeControlSystemUInt16', ID = '961'
Method 'SystemStringCosmosHALPCIDeviceDeviceClassGetStringCosmosHALPCIDevice', ID = '962'
Method 'SystemVoidSystemCollectionsGenericList1CosmosHALPCIDeviceAddCosmosHALPCIDevice', ID = '963'
Method 'SystemByteCosmosHALPCIDeviceBridgeget_SecondaryBusNumber', ID = '964'
Method 'SystemVoidCosmosHALPCIDeviceCardbusset_CardbusBaseAddressSystemUInt32', ID = '966'
Method 'SystemVoidCosmosHALPCIDeviceCardbusset_OffsetOfCapabilityListSystemByte', ID = '967'
Method 'SystemVoidCosmosHALPCIDeviceCardbusset_SecondaryStatusSystemUInt16', ID = '968'
Method 'SystemVoidCosmosHALPCIDeviceCardbusset_PCIBusNumberSystemByte', ID = '969'
Method 'SystemVoidCosmosHALPCIDeviceCardbusset_CardbusBusNumberSystemByte', ID = '970'
Method 'SystemVoidCosmosHALPCIDeviceCardbusset_SubordinateBusNumberSystemByte', ID = '971'
Method 'SystemVoidCosmosHALPCIDeviceCardbusset_CardbusLatencyTimerSystemByte', ID = '972'
Method 'SystemVoidCosmosHALPCIDeviceCardbusset_MemoryBaseAddress0SystemUInt32', ID = '973'
Method 'SystemVoidCosmosHALPCIDeviceCardbusset_MemoryLimit0SystemUInt32', ID = '974'
Method 'SystemVoidCosmosHALPCIDeviceCardbusset_MemoryBaseAddress1SystemUInt32', ID = '975'
Method 'SystemVoidCosmosHALPCIDeviceCardbusset_MemoryLimit1SystemUInt32', ID = '976'
Method 'SystemVoidCosmosHALPCIDeviceCardbusset_IOBaseAddress0SystemUInt32', ID = '977'
Method 'SystemVoidCosmosHALPCIDeviceCardbusset_IOLimit0SystemUInt32', ID = '978'
Method 'SystemVoidCosmosHALPCIDeviceCardbusset_IOBaseAddress1SystemUInt32', ID = '979'
Method 'SystemVoidCosmosHALPCIDeviceCardbusset_IOLimit1SystemUInt32', ID = '980'
Method 'SystemVoidCosmosHALPCIDeviceCardbusset_BridgeControlSystemUInt16', ID = '981'
Method 'SystemVoidCosmosHALPCIDeviceCardbusset_SubsystemDeviceIDSystemUInt16', ID = '982'
Method 'SystemVoidCosmosHALPCIDeviceCardbusset_SubsystemVendorIDSystemUInt16', ID = '983'
Method 'SystemVoidCosmosHALPCIDeviceCardbusset_PCCardBaseAddressSystemUInt32', ID = '984'
Method 'SystemVoidCosmosHALPCIDeviceNormalset_BaseAddressesCosmosHALPCIBaseAddressBararray', ID = '986'
Method 'CosmosHALPCIBaseAddressBararrayCosmosHALPCIDeviceNormalget_BaseAddresses', ID = '987'
Method 'SystemVoidCosmosHALPCIDeviceNormalset_CardbusCISPointerSystemUInt32', ID = '988'
Method 'SystemVoidCosmosHALPCIDeviceNormalset_SubsystemVendorIDSystemUInt16', ID = '989'
Method 'SystemVoidCosmosHALPCIDeviceNormalset_SubsystemIDSystemUInt16', ID = '990'
Method 'SystemVoidCosmosHALPCIDeviceNormalset_ExpansionROMBaseAddressSystemUInt32', ID = '991'
Method 'SystemVoidCosmosHALPCIDeviceNormalset_CapabilitiesPointerSystemByte', ID = '992'
Method 'SystemVoidCosmosHALPCIDeviceNormalset_MinGrantSystemByte', ID = '993'
Method 'SystemVoidCosmosHALPCIDeviceNormalset_MaxLatencySystemByte', ID = '994'
Method 'SystemStringCosmosIL2CPUILCustomImplementationsSystemDrawingColorImplToString', ID = '1001'
Method 'SystemVoidSystemThreadingMonitorEnterSystemObjectSystemBoolean', ID = '1004'
Method 'SystemVoidSystemTextEncoderExceptionFallbackctor', ID = '1005'
Method 'SystemVoidSystemTextDecoderExceptionFallbackctor', ID = '1009'
Method 'SystemBooleanSystemCharIsSurrogateSystemStringSystemInt32', ID = '1011'
Method 'SystemBooleanSystemCharIsHighSurrogateSystemStringSystemInt32', ID = '1012'
Method 'SystemStringCosmosIL2CPUX86PlugsCustomImplementationsMSSystemStringImplFastAllocateStringSystemInt32', ID = '1014'
Method 'SystemVoidSystemBufferMemcpySystemByteSystemByteSystemInt32', ID = '1015'
Method 'SystemVoidCosmosHALScanMapsUS_StandardInitKeys', ID = '1016'
Method 'SystemStringCosmosIL2CPUCustomImplementationSystemStringImplConcatSystemObjectarray', ID = '1018'
Method 'SystemUInt16CosmosCorePlugsIOPortImplRead16SystemUInt16', ID = '1019'
Method 'SystemVoidSystemCollectionsGenericList1CosmosHALBlockDeviceMBRPartInfoset_CapacitySystemInt32', ID = '1021'
Method 'SystemVoidSystemCollectionsGenericList1CosmosHALBlockDeviceEBRPartInfoset_CapacitySystemInt32', ID = '1022'
Method 'SystemUInt32CosmosHALPCIDeviceGetAddressBaseSystemUInt32SystemUInt32SystemUInt32', ID = '1024'
Method 'SystemVoidCosmosCoreIOPortset_DWordSystemUInt32', ID = '1025'
Method 'SystemUInt32CosmosCoreIOPortget_DWord', ID = '1026'
Method 'SystemStringCosmosHALPCIDeviceToHexSystemUInt32SystemByte', ID = '1031'
Method 'SystemByteCosmosHALPCIDeviceget_ClassCode', ID = '1032'
Method 'SystemByteCosmosHALPCIDeviceget_Subclass', ID = '1033'
Method 'SystemByteCosmosHALPCIDeviceget_ProgIF', ID = '1034'
Method 'SystemVoidSystemCollectionsGenericList1CosmosHALPCIDeviceEnsureCapacitySystemInt32', ID = '1035'
Method 'SystemObjectCosmosSystemPlugsSystemTextEncoderFallbackImplget_InternalSyncObject', ID = '1037'
Method 'SystemVoidSystemThreadingMonitorThrowLockTakenException', ID = '1039'
Method 'SystemVoidCosmosSystemPlugsSystemThreadingMonitorImplExitSystemObject', ID = '1042'
Method 'SystemObjectCosmosSystemPlugsSystemTextDecoderFallbackImplget_InternalSyncObject', ID = '1043'
Method 'SystemBooleanSystemCharIsSurrogateSystemChar', ID = '1045'
Method 'SystemBooleanSystemCharIsHighSurrogateSystemChar', ID = '1046'
Method 'SystemVoidSystemBufferMemmoveSystemByteSystemByteSystemUInt32', ID = '1047'
Method 'SystemVoidSystemCollectionsGenericList1CosmosHALKeyMappingctor', ID = '1048'
Method 'SystemVoidCosmosHALKeyMappingctorSystemUInt32CosmosHALConsoleKeyEx', ID = '1049'
Method 'SystemVoidSystemCollectionsGenericList1CosmosHALKeyMappingAddCosmosHALKeyMapping', ID = '1050'
Method 'SystemVoidCosmosHALKeyMappingctorSystemUInt32SystemCharSystemCharSystemCharSystemCharSystemCharSystemCharCosmosHALConsoleKeyEx', ID = '1051'
Method 'SystemVoidCosmosHALKeyMappingctorSystemUInt32SystemCharCosmosHALConsoleKeyEx', ID = '1052'
Method 'SystemVoidCosmosHALKeyMappingctorSystemUInt32SystemCharSystemCharSystemCharSystemCharSystemCharSystemCharCosmosHALConsoleKeyExCosmosHALConsoleKeyEx', ID = '1053'
Method 'SystemVoidCosmosHALPS2KeyboardHandleScancodeSystemByteSystemBoolean', ID = '1054'
Method 'SystemVoidCosmosCorePlugsIOPortImplWrite16SystemUInt16SystemUInt16', ID = '1055'
Method 'SystemVoidSystemCollectionsGenericList1CosmosHALPCIDeviceset_CapacitySystemInt32', ID = '1058'
Method 'SystemVoidCosmosSystemPlugsSystemThreadingMonitorImplReliableEnterSystemObjectSystemBoolean', ID = '1060'
Method 'SystemVoidSystemBuffer_MemmoveSystemByteSystemByteSystemUInt32', ID = '1063'
Method 'SystemVoidSystemCollectionsGenericList1CosmosHALKeyMappingEnsureCapacitySystemInt32', ID = '1067'
Method 'SystemVoidCosmosHALKeyboardset_ControlPressedSystemBoolean', ID = '1068'
Method 'SystemVoidCosmosHALKeyboardset_ShiftPressedSystemBoolean', ID = '1069'
Method 'SystemVoidCosmosHALKeyboardset_AltPressedSystemBoolean', ID = '1070'
Method 'SystemBooleanCosmosHALKeyboardget_ControlPressed', ID = '1071'
Method 'SystemBooleanCosmosHALKeyboardget_AltPressed', ID = '1072'
Method 'SystemBooleanCosmosHALPS2KeyboardGetKeySystemByteSystemBooleanCosmosHALKeyEvent', ID = '1073'
Method 'SystemVoidCosmosHALKeyboardEnqueueCosmosHALKeyEvent', ID = '1074'
Method 'SystemVoidCosmosCorePlugsIOPortImplWrite32SystemUInt16SystemUInt32', ID = '1075'
Method 'SystemUInt32CosmosCorePlugsIOPortImplRead32SystemUInt16', ID = '1076'
Method 'SystemVoidSystemCollectionsGenericList1CosmosHALKeyMappingcctor', ID = '1078'
Method 'SystemVoidSystemCollectionsGenericList1CosmosHALKeyMappingset_CapacitySystemInt32', ID = '1079'
Method 'CosmosHALScanMapBaseCosmosHALKeyboardget_KeyLayout', ID = '1080'
Method 'SystemBooleanCosmosHALKeyboardget_ShiftPressed', ID = '1081'
Method 'CosmosHALKeyEventCosmosHALScanMapBaseConvertScanCodeSystemByteSystemBooleanSystemBooleanSystemBooleanSystemBooleanSystemBooleanSystemBoolean', ID = '1082'
Method 'SystemVoidSystemCollectionsGenericQueue1CosmosHALKeyEventEnqueueCosmosHALKeyEvent', ID = '1083'
Method 'SystemVoidCosmosIL2CPUX86PlugsCustomImplementationsSystemBuffer__MemmoveSystemByteSystemByteSystemUInt32', ID = '1084'
Method 'SystemVoidCosmosHALKeyEventctor', ID = '1085'
Method 'SystemConsoleModifiersCosmosHALKeyEventget_Modifiers', ID = '1086'
Method 'SystemVoidCosmosHALKeyEventset_ModifiersSystemConsoleModifiers', ID = '1087'
Method 'SystemVoidCosmosHALKeyEventset_TypeCosmosHALKeyEventKeyEventType', ID = '1088'
Method 'CosmosHALKeyMappingSystemCollectionsGenericList1CosmosHALKeyMappingget_ItemSystemInt32', ID = '1089'
Method 'SystemVoidCosmosHALKeyEventset_KeyCharSystemChar', ID = '1090'
Method 'SystemVoidCosmosHALKeyEventset_KeyCosmosHALConsoleKeyEx', ID = '1091'
Method 'SystemInt32SystemCollectionsGenericList1CosmosHALKeyMappingget_Count', ID = '1092'
Method 'SystemVoidSystemCollectionsGenericQueue1CosmosHALKeyEventSetCapacitySystemInt32', ID = '1093'
